[debug] [2022-09-19T19:31:22.792Z] ----------------------------------------------------------------------
[debug] [2022-09-19T19:31:22.799Z] Command:       C:\Program Files\nodejs\node.exe C:\Users\alfredo.rivas\AppData\Roaming\npm\node_modules\firebase-tools\lib\bin\firebase.js init
[debug] [2022-09-19T19:31:22.801Z] CLI Version:   11.8.0
[debug] [2022-09-19T19:31:22.801Z] Platform:      win32
[debug] [2022-09-19T19:31:22.801Z] Node Version:  v16.15.0
[debug] [2022-09-19T19:31:22.804Z] Time:          Mon Sep 19 2022 14:31:22 GMT-0500 (Central Daylight Time)
[debug] [2022-09-19T19:31:22.805Z] ----------------------------------------------------------------------
[debug] 
[debug] [2022-09-19T19:31:22.832Z] > command requires scopes: ["email","openid","https://www.googleapis.com/auth/cloudplatformprojects.readonly","https://www.googleapis.com/auth/firebase","https://www.googleapis.com/auth/cloud-platform"]
[debug] [2022-09-19T19:31:22.834Z] > authorizing via signed-in user (jirzo.nez@gmail.com)
[info] 
     ######## #### ########  ######## ########     ###     ######  ########
     ##        ##  ##     ## ##       ##     ##  ##   ##  ##       ##
     ######    ##  ########  ######   ########  #########  ######  ######
     ##        ##  ##    ##  ##       ##     ## ##     ##       ## ##
     ##       #### ##     ## ######## ########  ##     ##  ######  ########

You're about to initialize a Firebase project in this directory:

  C:\Users\alfredo.rivas\Documents\DevChallanges\myTeamPageMaster

[info] 
=== Project Setup
[info] 
[info] First, let's associate this project directory with a Firebase project.
[info] You can create multiple project aliases by running firebase use --add, 
[info] but for now we'll just set up a default project.
[info] 
[debug] [2022-09-19T19:31:38.817Z] > refreshing access token with scopes: []
[debug] [2022-09-19T19:31:38.820Z] >>> [apiv2][query] POST https://www.googleapis.com/oauth2/v3/token [none]
[debug] [2022-09-19T19:31:38.821Z] >>> [apiv2][body] POST https://www.googleapis.com/oauth2/v3/token [omitted]
[debug] [2022-09-19T19:31:39.254Z] <<< [apiv2][status] POST https://www.googleapis.com/oauth2/v3/token 200
[debug] [2022-09-19T19:31:39.254Z] <<< [apiv2][body] POST https://www.googleapis.com/oauth2/v3/token [omitted]
[debug] [2022-09-19T19:31:39.277Z] >>> [apiv2][query] GET https://firebase.googleapis.com/v1beta1/projects pageSize=100
[debug] [2022-09-19T19:31:40.535Z] <<< [apiv2][status] GET https://firebase.googleapis.com/v1beta1/projects 200
[debug] [2022-09-19T19:31:40.536Z] <<< [apiv2][body] GET https://firebase.googleapis.com/v1beta1/projects [omitted]
[info] i  Using project team-page-edc4a (Team Page) 
[info] 
=== Hosting Setup
[info] 
[info] Your public directory is the folder (relative to your project directory) that
[info] will contain Hosting assets to be uploaded with firebase deploy. If you
[info] have a build process for your assets, use your build's output directory.
[info] 
[debug] [2022-09-19T19:32:05.647Z] >>> [apiv2][query] GET https://www.gstatic.com/firebasejs/releases.json [none]
[debug] [2022-09-19T19:32:05.922Z] <<< [apiv2][status] GET https://www.gstatic.com/firebasejs/releases.json 200
[debug] [2022-09-19T19:32:05.924Z] <<< [apiv2][body] GET https://www.gstatic.com/firebasejs/releases.json {"current":{"version":"9.10.0","browserURL":"https://www.gstatic.com/firebasejs/9.10.0/firebase.js","packageURL":"https://www.gstatic.com/firebasejs/9.10.0/firebase.tgz"},"live":{"version":"9.10","browserURL":"https://www.gstatic.com/firebasejs/live/9.10/firebase.js","packageURL":"https://www.gstatic.com/firebasejs/live/9.10/firebase.tgz"},"components":{"analytics":"https://www.gstatic.com/firebasejs/9.10.0/firebase-analytics.js","app":"https://www.gstatic.com/firebasejs/9.10.0/firebase-app.js","app-check":"https://www.gstatic.com/firebasejs/9.10.0/firebase-app-check.js","auth":"https://www.gstatic.com/firebasejs/9.10.0/firebase-auth.js","auth/cordova":"https://www.gstatic.com/firebasejs/9.10.0/firebase-auth/cordova.js","auth/react-native":"https://www.gstatic.com/firebasejs/9.10.0/firebase-auth/react-native.js","functions":"https://www.gstatic.com/firebasejs/9.10.0/firebase-functions.js","firestore":"https://www.gstatic.com/firebasejs/9.10.0/firebase-firestore.js","firestore/lite":"https://www.gstatic.com/firebasejs/9.10.0/firebase-firestore/lite.js","installations":"https://www.gstatic.com/firebasejs/9.10.0/firebase-installations.js","storage":"https://www.gstatic.com/firebasejs/9.10.0/firebase-storage.js","performance":"https://www.gstatic.com/firebasejs/9.10.0/firebase-performance.js","remote-config":"https://www.gstatic.com/firebasejs/9.10.0/firebase-remote-config.js","messaging":"https://www.gstatic.com/firebasejs/9.10.0/firebase-messaging.js","messaging/sw":"https://www.gstatic.com/firebasejs/9.10.0/firebase-messaging/sw.js","database":"https://www.gstatic.com/firebasejs/9.10.0/firebase-database.js","firestore.memory":"https://www.gstatic.com/firebasejs/9.10.0/firebase-firestore.memory.js"}}
[info] +  Wrote no/index.html 
[info] 
[info] i  Didn't detect a .git folder. Assuming C:\Users\alfredo.rivas\Documents\DevChallanges\myTeamPageMaster is the project root. 
[info] i  Authorizing with GitHub to upload your service account to a GitHub repository's secrets store. 
[info] 
[info] Visit this URL on this device to log in:
[info] https://github.com/login/oauth/authorize?client_id=89cf50f02ac6aaed3484&state=316039884&redirect_uri=http%3A%2F%2Flocalhost%3A9005&scope=read%3Auser%20repo%20public_repo
[info] 
[info] Waiting for authentication...
[debug] [2022-09-19T19:32:07.639Z] >>> [apiv2][query] POST https://github.com/login/oauth/access_token [none]
[debug] [2022-09-19T19:32:07.640Z] >>> [apiv2][body] POST https://github.com/login/oauth/access_token [stream]
[debug] [2022-09-19T19:32:08.123Z] <<< [apiv2][status] POST https://github.com/login/oauth/access_token 200
[debug] [2022-09-19T19:32:08.124Z] <<< [apiv2][body] POST https://github.com/login/oauth/access_token {"access_token":"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","token_type":"bearer","scope":"read:user,repo"}
[debug] [2022-09-19T19:32:08.143Z] >>> [apiv2][query] GET https://api.github.com/user [none]
[debug] [2022-09-19T19:32:08.579Z] <<< [apiv2][status] GET https://api.github.com/user 200
[debug] [2022-09-19T19:32:08.580Z] <<< [apiv2][body] GET https://api.github.com/user {"login":"traDev-CI","id":60012956,"node_id":"MDQ6VXNlcjYwMDEyOTU2","avatar_url":"https://avatars.githubusercontent.com/u/60012956?v=4","gravatar_id":"","url":"https://api.github.com/users/traDev-CI","html_url":"https://github.com/traDev-CI","followers_url":"https://api.github.com/users/traDev-CI/followers","following_url":"https://api.github.com/users/traDev-CI/following{/other_user}","gists_url":"https://api.github.com/users/traDev-CI/gists{/gist_id}","starred_url":"https://api.github.com/users/traDev-CI/starred{/owner}{/repo}","subscriptions_url":"https://api.github.com/users/traDev-CI/subscriptions","organizations_url":"https://api.github.com/users/traDev-CI/orgs","repos_url":"https://api.github.com/users/traDev-CI/repos","events_url":"https://api.github.com/users/traDev-CI/events{/privacy}","received_events_url":"https://api.github.com/users/traDev-CI/received_events","type":"User","site_admin":false,"name":null,"company":null,"blog":"","location":null,"email":null,"hireable":null,"bio":null,"twitter_username":null,"public_repos":26,"public_gists":0,"followers":3,"following":2,"created_at":"2020-01-17T17:48:56Z","updated_at":"2022-09-19T15:54:13Z","private_gists":0,"total_private_repos":0,"owned_private_repos":0,"disk_usage":130311,"collaborators":0,"two_factor_authentication":false,"plan":{"name":"free","space":976562499,"collaborators":0,"private_repos":10000}}
[info] 
[info] +  Success! Logged into GitHub as traDev-CI 
[info] 
